-- The C compiler identification is GNU 11.4.0
-- The CXX compiler identification is GNU 11.4.0
-- Detecting C compiler ABI info
-- Detecting C compiler ABI info - done
-- Check for working C compiler: /usr/bin/cc - skipped
-- Detecting C compile features
-- Detecting C compile features - done
-- Detecting CXX compiler ABI info
-- Detecting CXX compiler ABI info - done
-- Check for working CXX compiler: /usr/bin/c++ - skipped
-- Detecting CXX compile features
-- Detecting CXX compile features - done
-- Found ament_cmake: 1.3.12 (/opt/ros/humble/share/ament_cmake/cmake)
-- Found Python3: /usr/bin/python3 (found version "3.10.12") found components: Interpreter 
-- Found xacro: 2.0.13 (/opt/ros/humble/share/xacro/cmake)
-- Configuring done
-- Generating done
-- Build files have been written to: /home/cem/colcon_ws/src/mobile_manipulator_description/build/mobile_manipulator_description
-- Install configuration: ""
-- Installing: /home/cem/colcon_ws/src/mobile_manipulator_description/install/mobile_manipulator_description/share/mobile_manipulator_description/urdf
-- Installing: /home/cem/colcon_ws/src/mobile_manipulator_description/install/mobile_manipulator_description/share/mobile_manipulator_description/urdf/ota.urdf.xacro
-- Installing: /home/cem/colcon_ws/src/mobile_manipulator_description/install/mobile_manipulator_description/share/mobile_manipulator_description/urdf/mobile_manipulator.urdf.xacro
-- Installing: /home/cem/colcon_ws/src/mobile_manipulator_description/install/mobile_manipulator_description/share/mobile_manipulator_description/urdf/khi_rs
-- Installing: /home/cem/colcon_ws/src/mobile_manipulator_description/install/mobile_manipulator_description/share/mobile_manipulator_description/urdf/khi_rs/rs005l.urdf.xacro
-- Installing: /home/cem/colcon_ws/src/mobile_manipulator_description/install/mobile_manipulator_description/share/mobile_manipulator_description/urdf/khi_rs/rs005l_with_gripper_macro.xacro
-- Installing: /home/cem/colcon_ws/src/mobile_manipulator_description/install/mobile_manipulator_description/share/mobile_manipulator_description/urdf/khi_rs/rs005l_with_capsules_macro.xacro
-- Installing: /home/cem/colcon_ws/src/mobile_manipulator_description/install/mobile_manipulator_description/share/mobile_manipulator_description/urdf/khi_rs/rs005l_with_capsules.urdf.xacro
-- Installing: /home/cem/colcon_ws/src/mobile_manipulator_description/install/mobile_manipulator_description/share/mobile_manipulator_description/urdf/khi_rs/rs005l_with_gripper.urdf.xacro
-- Installing: /home/cem/colcon_ws/src/mobile_manipulator_description/install/mobile_manipulator_description/share/mobile_manipulator_description/urdf/khi_rs/rs005l_macro.xacro
-- Installing: /home/cem/colcon_ws/src/mobile_manipulator_description/install/mobile_manipulator_description/share/mobile_manipulator_description/urdf/khi_rs/rs005l.ros2_control.xacro
-- Installing: /home/cem/colcon_ws/src/mobile_manipulator_description/install/mobile_manipulator_description/share/mobile_manipulator_description/urdf/khi_rs/rs_with_gripper.transmission.xacro
-- Installing: /home/cem/colcon_ws/src/mobile_manipulator_description/install/mobile_manipulator_description/share/mobile_manipulator_description/urdf/khi_rs/rs.transmission.xacro
-- Installing: /home/cem/colcon_ws/src/mobile_manipulator_description/install/mobile_manipulator_description/share/mobile_manipulator_description/urdf/khi_rs/common.gazebo.xacro
-- Installing: /home/cem/colcon_ws/src/mobile_manipulator_description/install/mobile_manipulator_description/share/mobile_manipulator_description/urdf/ota
-- Installing: /home/cem/colcon_ws/src/mobile_manipulator_description/install/mobile_manipulator_description/share/mobile_manipulator_description/urdf/ota/ota_ir.xacro
-- Installing: /home/cem/colcon_ws/src/mobile_manipulator_description/install/mobile_manipulator_description/share/mobile_manipulator_description/urdf/ota/inertia_tensors.urdf.xacro
-- Installing: /home/cem/colcon_ws/src/mobile_manipulator_description/install/mobile_manipulator_description/share/mobile_manipulator_description/urdf/ota/ota_macro.xacro
-- Installing: /home/cem/colcon_ws/src/mobile_manipulator_description/install/mobile_manipulator_description/share/mobile_manipulator_description/urdf/ota/ota.ros2_control.xacro
-- Installing: /home/cem/colcon_ws/src/mobile_manipulator_description/install/mobile_manipulator_description/share/mobile_manipulator_description/urdf/ota/ota_caster.xacro
-- Installing: /home/cem/colcon_ws/src/mobile_manipulator_description/install/mobile_manipulator_description/share/mobile_manipulator_description/urdf/ota/ota_plugin.xacro
-- Installing: /home/cem/colcon_ws/src/mobile_manipulator_description/install/mobile_manipulator_description/share/mobile_manipulator_description/urdf/ota/ota_wheel.xacro
-- Installing: /home/cem/colcon_ws/src/mobile_manipulator_description/install/mobile_manipulator_description/share/mobile_manipulator_description/urdf/ota/ota_base.xacro
-- Installing: /home/cem/colcon_ws/src/mobile_manipulator_description/install/mobile_manipulator_description/share/mobile_manipulator_description/meshes
-- Installing: /home/cem/colcon_ws/src/mobile_manipulator_description/install/mobile_manipulator_description/share/mobile_manipulator_description/meshes/camera.stl
-- Installing: /home/cem/colcon_ws/src/mobile_manipulator_description/install/mobile_manipulator_description/share/mobile_manipulator_description/meshes/environment
-- Installing: /home/cem/colcon_ws/src/mobile_manipulator_description/install/mobile_manipulator_description/share/mobile_manipulator_description/meshes/environment/ifarlab_ray.stl
-- Installing: /home/cem/colcon_ws/src/mobile_manipulator_description/install/mobile_manipulator_description/share/mobile_manipulator_description/meshes/environment/barrier_closekabinet.stl
-- Installing: /home/cem/colcon_ws/src/mobile_manipulator_description/install/mobile_manipulator_description/share/mobile_manipulator_description/meshes/environment/barrier.stl
-- Installing: /home/cem/colcon_ws/src/mobile_manipulator_description/install/mobile_manipulator_description/share/mobile_manipulator_description/meshes/environment/light_curtain_3m.stl
-- Installing: /home/cem/colcon_ws/src/mobile_manipulator_description/install/mobile_manipulator_description/share/mobile_manipulator_description/meshes/environment/barrier_closetable.stl
-- Installing: /home/cem/colcon_ws/src/mobile_manipulator_description/install/mobile_manipulator_description/share/mobile_manipulator_description/meshes/environment/barrier_kaw1.stl
-- Installing: /home/cem/colcon_ws/src/mobile_manipulator_description/install/mobile_manipulator_description/share/mobile_manipulator_description/meshes/environment/barrier_kaw2.stl
-- Installing: /home/cem/colcon_ws/src/mobile_manipulator_description/install/mobile_manipulator_description/share/mobile_manipulator_description/meshes/environment/barrier_kaw3.stl
-- Installing: /home/cem/colcon_ws/src/mobile_manipulator_description/install/mobile_manipulator_description/share/mobile_manipulator_description/meshes/environment/Kabinet.stl
-- Installing: /home/cem/colcon_ws/src/mobile_manipulator_description/install/mobile_manipulator_description/share/mobile_manipulator_description/meshes/environment/standing.stl
-- Installing: /home/cem/colcon_ws/src/mobile_manipulator_description/install/mobile_manipulator_description/share/mobile_manipulator_description/meshes/khi_rs
-- Installing: /home/cem/colcon_ws/src/mobile_manipulator_description/install/mobile_manipulator_description/share/mobile_manipulator_description/meshes/khi_rs/gripper.STL
-- Installing: /home/cem/colcon_ws/src/mobile_manipulator_description/install/mobile_manipulator_description/share/mobile_manipulator_description/meshes/khi_rs/Gripper
-- Installing: /home/cem/colcon_ws/src/mobile_manipulator_description/install/mobile_manipulator_description/share/mobile_manipulator_description/meshes/khi_rs/Gripper/_SCHUNK_5521763_Gehaeuse_EGP_50_2.sldprt
-- Installing: /home/cem/colcon_ws/src/mobile_manipulator_description/install/mobile_manipulator_description/share/mobile_manipulator_description/meshes/khi_rs/Gripper/SCHUNK_0310960_EGP_50_N_N_B_00ohne.sldasm
-- Installing: /home/cem/colcon_ws/src/mobile_manipulator_description/install/mobile_manipulator_description/share/mobile_manipulator_description/meshes/khi_rs/Gripper/_SCHUNK_5510589_Huelse_MPG_50_19.sldprt
-- Installing: /home/cem/colcon_ws/src/mobile_manipulator_description/install/mobile_manipulator_description/share/mobile_manipulator_description/meshes/khi_rs/Gripper/_SCHUNK_9962714_Bracket_MPG_50_9.sldprt
-- Installing: /home/cem/colcon_ws/src/mobile_manipulator_description/install/mobile_manipulator_description/share/mobile_manipulator_description/meshes/khi_rs/Gripper/_SCHUNK_9700901_Halter_fuer_NHS_Du_4_4.sldprt
-- Installing: /home/cem/colcon_ws/src/mobile_manipulator_description/install/mobile_manipulator_description/share/mobile_manipulator_description/meshes/khi_rs/Gripper/SCHUNK_0310960_EGP_50_N_N_B_00ohne
-- Installing: /home/cem/colcon_ws/src/mobile_manipulator_description/install/mobile_manipulator_description/share/mobile_manipulator_description/meshes/khi_rs/Gripper/SCHUNK_0310960_EGP_50_N_N_B_00ohne/launch
-- Installing: /home/cem/colcon_ws/src/mobile_manipulator_description/install/mobile_manipulator_description/share/mobile_manipulator_description/meshes/khi_rs/Gripper/SCHUNK_0310960_EGP_50_N_N_B_00ohne/launch/gazebo.launch
-- Installing: /home/cem/colcon_ws/src/mobile_manipulator_description/install/mobile_manipulator_description/share/mobile_manipulator_description/meshes/khi_rs/Gripper/SCHUNK_0310960_EGP_50_N_N_B_00ohne/launch/display.launch
-- Installing: /home/cem/colcon_ws/src/mobile_manipulator_description/install/mobile_manipulator_description/share/mobile_manipulator_description/meshes/khi_rs/Gripper/SCHUNK_0310960_EGP_50_N_N_B_00ohne/meshes
-- Installing: /home/cem/colcon_ws/src/mobile_manipulator_description/install/mobile_manipulator_description/share/mobile_manipulator_description/meshes/khi_rs/Gripper/SCHUNK_0310960_EGP_50_N_N_B_00ohne/meshes/gripper.STL
-- Installing: /home/cem/colcon_ws/src/mobile_manipulator_description/install/mobile_manipulator_description/share/mobile_manipulator_description/meshes/khi_rs/Gripper/SCHUNK_0310960_EGP_50_N_N_B_00ohne/meshes/left_finger.STL
-- Installing: /home/cem/colcon_ws/src/mobile_manipulator_description/install/mobile_manipulator_description/share/mobile_manipulator_description/meshes/khi_rs/Gripper/SCHUNK_0310960_EGP_50_N_N_B_00ohne/meshes/right_finger.STL
-- Installing: /home/cem/colcon_ws/src/mobile_manipulator_description/install/mobile_manipulator_description/share/mobile_manipulator_description/meshes/khi_rs/Gripper/SCHUNK_0310960_EGP_50_N_N_B_00ohne/urdf
-- Installing: /home/cem/colcon_ws/src/mobile_manipulator_description/install/mobile_manipulator_description/share/mobile_manipulator_description/meshes/khi_rs/Gripper/SCHUNK_0310960_EGP_50_N_N_B_00ohne/urdf/SCHUNK_0310960_EGP_50_N_N_B_00ohne.urdf
-- Installing: /home/cem/colcon_ws/src/mobile_manipulator_description/install/mobile_manipulator_description/share/mobile_manipulator_description/meshes/khi_rs/Gripper/SCHUNK_0310960_EGP_50_N_N_B_00ohne/config
-- Installing: /home/cem/colcon_ws/src/mobile_manipulator_description/install/mobile_manipulator_description/share/mobile_manipulator_description/meshes/khi_rs/Gripper/SCHUNK_0310960_EGP_50_N_N_B_00ohne/config/joint_names_SCHUNK_0310960_EGP_50_N_N_B_00ohne.yaml
-- Installing: /home/cem/colcon_ws/src/mobile_manipulator_description/install/mobile_manipulator_description/share/mobile_manipulator_description/meshes/khi_rs/Gripper/SCHUNK_0310960_EGP_50_N_N_B_00ohne/textures
-- Installing: /home/cem/colcon_ws/src/mobile_manipulator_description/install/mobile_manipulator_description/share/mobile_manipulator_description/meshes/khi_rs/Gripper/SCHUNK_0310960_EGP_50_N_N_B_00ohne/CMakeLists.txt
-- Installing: /home/cem/colcon_ws/src/mobile_manipulator_description/install/mobile_manipulator_description/share/mobile_manipulator_description/meshes/khi_rs/Gripper/SCHUNK_0310960_EGP_50_N_N_B_00ohne/package.xml
-- Installing: /home/cem/colcon_ws/src/mobile_manipulator_description/install/mobile_manipulator_description/share/mobile_manipulator_description/meshes/khi_rs/Gripper/_SCHUNK_5522650_Finger_EGP_50_7.sldprt
-- Installing: /home/cem/colcon_ws/src/mobile_manipulator_description/install/mobile_manipulator_description/share/mobile_manipulator_description/meshes/khi_rs/Gripper/_SCHUNK_SNT016581_Stecker_EGP_23.sldprt
-- Installing: /home/cem/colcon_ws/src/mobile_manipulator_description/install/mobile_manipulator_description/share/mobile_manipulator_description/meshes/khi_rs/Gripper/SCHUNK-0310960 EGP 50-N-N-B,00ohne.dae
-- Installing: /home/cem/colcon_ws/src/mobile_manipulator_description/install/mobile_manipulator_description/share/mobile_manipulator_description/meshes/khi_rs/Gripper/_SCHUNK_9905503_Typenschild_11x43x0_3_25.sldprt
-- Installing: /home/cem/colcon_ws/src/mobile_manipulator_description/install/mobile_manipulator_description/share/mobile_manipulator_description/meshes/khi_rs/Gripper/_SCHUNK_9965221_Scheibe_D4_5_11.sldprt
-- Installing: /home/cem/colcon_ws/src/mobile_manipulator_description/install/mobile_manipulator_description/share/mobile_manipulator_description/meshes/khi_rs/Montaj.stl
-- Installing: /home/cem/colcon_ws/src/mobile_manipulator_description/install/mobile_manipulator_description/share/mobile_manipulator_description/meshes/khi_rs/RS005L_J6.STL
-- Installing: /home/cem/colcon_ws/src/mobile_manipulator_description/install/mobile_manipulator_description/share/mobile_manipulator_description/meshes/khi_rs/RS005L_J2.STL
-- Installing: /home/cem/colcon_ws/src/mobile_manipulator_description/install/mobile_manipulator_description/share/mobile_manipulator_description/meshes/khi_rs/readme-and-terms-of-use-3d-cad-models.txt
-- Installing: /home/cem/colcon_ws/src/mobile_manipulator_description/install/mobile_manipulator_description/share/mobile_manipulator_description/meshes/khi_rs/RS005L_J5.STL
-- Installing: /home/cem/colcon_ws/src/mobile_manipulator_description/install/mobile_manipulator_description/share/mobile_manipulator_description/meshes/khi_rs/left_finger.STL
-- Installing: /home/cem/colcon_ws/src/mobile_manipulator_description/install/mobile_manipulator_description/share/mobile_manipulator_description/meshes/khi_rs/SCHUNK_EGP_50_N_N_B.stl
-- Installing: /home/cem/colcon_ws/src/mobile_manipulator_description/install/mobile_manipulator_description/share/mobile_manipulator_description/meshes/khi_rs/FlansforSick_v1_1.stl
-- Installing: /home/cem/colcon_ws/src/mobile_manipulator_description/install/mobile_manipulator_description/share/mobile_manipulator_description/meshes/khi_rs/right_finger.STL
-- Installing: /home/cem/colcon_ws/src/mobile_manipulator_description/install/mobile_manipulator_description/share/mobile_manipulator_description/meshes/khi_rs/RS005L_J1.STL
-- Installing: /home/cem/colcon_ws/src/mobile_manipulator_description/install/mobile_manipulator_description/share/mobile_manipulator_description/meshes/khi_rs/SCHUNK_ToolChangerRobotSide.stl
-- Installing: /home/cem/colcon_ws/src/mobile_manipulator_description/install/mobile_manipulator_description/share/mobile_manipulator_description/meshes/khi_rs/V3S1#5-#######-S313011.stl
-- Installing: /home/cem/colcon_ws/src/mobile_manipulator_description/install/mobile_manipulator_description/share/mobile_manipulator_description/meshes/khi_rs/RS005L_J3.STL
-- Installing: /home/cem/colcon_ws/src/mobile_manipulator_description/install/mobile_manipulator_description/share/mobile_manipulator_description/meshes/khi_rs/RS005L_J0.STL
-- Installing: /home/cem/colcon_ws/src/mobile_manipulator_description/install/mobile_manipulator_description/share/mobile_manipulator_description/meshes/khi_rs/RS005L_J4.STL
-- Installing: /home/cem/colcon_ws/src/mobile_manipulator_description/install/mobile_manipulator_description/share/mobile_manipulator_description/meshes/ota
-- Installing: /home/cem/colcon_ws/src/mobile_manipulator_description/install/mobile_manipulator_description/share/mobile_manipulator_description/meshes/ota/AnaTeker.stl
-- Installing: /home/cem/colcon_ws/src/mobile_manipulator_description/install/mobile_manipulator_description/share/mobile_manipulator_description/meshes/ota/OTA-v0.7.stl
-- Installing: /home/cem/colcon_ws/src/mobile_manipulator_description/install/mobile_manipulator_description/share/mobile_manipulator_description/meshes/ota/S30B-XXXXXX.stl
-- Installing: /home/cem/colcon_ws/src/mobile_manipulator_description/install/mobile_manipulator_description/share/mobile_manipulator_description/meshes/ota/OTA-v0.7.zip
-- Installing: /home/cem/colcon_ws/src/mobile_manipulator_description/install/mobile_manipulator_description/share/mobile_manipulator_description/meshes/ota/zed.stl
-- Installing: /home/cem/colcon_ws/src/mobile_manipulator_description/install/mobile_manipulator_description/share/mobile_manipulator_description/meshes/ota/SarhosTeker.stl
-- Installing: /home/cem/colcon_ws/src/mobile_manipulator_description/install/mobile_manipulator_description/share/mobile_manipulator_description/meshes/ota/FotoelektrikSensor.stl
-- Installing: /home/cem/colcon_ws/src/mobile_manipulator_description/install/mobile_manipulator_description/share/mobile_manipulator_description/config
-- Installing: /home/cem/colcon_ws/src/mobile_manipulator_description/install/mobile_manipulator_description/share/mobile_manipulator_description/config/ros_controllers.yaml
-- Installing: /home/cem/colcon_ws/src/mobile_manipulator_description/install/mobile_manipulator_description/share/mobile_manipulator_description/config/gazebo_controllers.yaml
-- Installing: /home/cem/colcon_ws/src/mobile_manipulator_description/install/mobile_manipulator_description/share/mobile_manipulator_description/config/ota_controllers.yaml
-- Installing: /home/cem/colcon_ws/src/mobile_manipulator_description/install/mobile_manipulator_description/share/mobile_manipulator_description/config/rs005l_controllers.yaml
-- Installing: /home/cem/colcon_ws/src/mobile_manipulator_description/install/mobile_manipulator_description/share/mobile_manipulator_description/launch
-- Installing: /home/cem/colcon_ws/src/mobile_manipulator_description/install/mobile_manipulator_description/share/mobile_manipulator_description/launch/gazebo_view_robot.launch.py
-- Installing: /home/cem/colcon_ws/src/mobile_manipulator_description/install/mobile_manipulator_description/share/mobile_manipulator_description/launch/view_robot.launch.py
-- Installing: /home/cem/colcon_ws/src/mobile_manipulator_description/install/mobile_manipulator_description/share/mobile_manipulator_description/launch/combined_robots.launch.py
-- Installing: /home/cem/colcon_ws/src/mobile_manipulator_description/install/mobile_manipulator_description/share/mobile_manipulator_description/launch/ota_gazebo_start.launch.py
-- Installing: /home/cem/colcon_ws/src/mobile_manipulator_description/install/mobile_manipulator_description/share/mobile_manipulator_description/model
-- Installing: /home/cem/colcon_ws/src/mobile_manipulator_description/install/mobile_manipulator_description/share/mobile_manipulator_description/model/ifarlab_ray
-- Installing: /home/cem/colcon_ws/src/mobile_manipulator_description/install/mobile_manipulator_description/share/mobile_manipulator_description/model/ifarlab_ray/model.config
-- Installing: /home/cem/colcon_ws/src/mobile_manipulator_description/install/mobile_manipulator_description/share/mobile_manipulator_description/model/ifarlab_ray/model
-- Installing: /home/cem/colcon_ws/src/mobile_manipulator_description/install/mobile_manipulator_description/share/mobile_manipulator_description/model/ifarlab_ray/model/ifarlab_ray.stl
-- Installing: /home/cem/colcon_ws/src/mobile_manipulator_description/install/mobile_manipulator_description/share/mobile_manipulator_description/model/ifarlab_ray/model.sdf
-- Installing: /home/cem/colcon_ws/src/mobile_manipulator_description/install/mobile_manipulator_description/share/mobile_manipulator_description/model/light_curtain
-- Installing: /home/cem/colcon_ws/src/mobile_manipulator_description/install/mobile_manipulator_description/share/mobile_manipulator_description/model/light_curtain/model.config
-- Installing: /home/cem/colcon_ws/src/mobile_manipulator_description/install/mobile_manipulator_description/share/mobile_manipulator_description/model/light_curtain/model
-- Installing: /home/cem/colcon_ws/src/mobile_manipulator_description/install/mobile_manipulator_description/share/mobile_manipulator_description/model/light_curtain/model/light_curtain_3m.stl
-- Installing: /home/cem/colcon_ws/src/mobile_manipulator_description/install/mobile_manipulator_description/share/mobile_manipulator_description/model/light_curtain/model/light_curtain.stl
-- Installing: /home/cem/colcon_ws/src/mobile_manipulator_description/install/mobile_manipulator_description/share/mobile_manipulator_description/model/light_curtain/model.sdf
-- Installing: /home/cem/colcon_ws/src/mobile_manipulator_description/install/mobile_manipulator_description/share/mobile_manipulator_description/model/ifarlab_robot
-- Installing: /home/cem/colcon_ws/src/mobile_manipulator_description/install/mobile_manipulator_description/share/mobile_manipulator_description/model/ifarlab_robot/model.config
-- Installing: /home/cem/colcon_ws/src/mobile_manipulator_description/install/mobile_manipulator_description/share/mobile_manipulator_description/model/ifarlab_robot/model
-- Installing: /home/cem/colcon_ws/src/mobile_manipulator_description/install/mobile_manipulator_description/share/mobile_manipulator_description/model/ifarlab_robot/model/robot.stl
-- Installing: /home/cem/colcon_ws/src/mobile_manipulator_description/install/mobile_manipulator_description/share/mobile_manipulator_description/model/ifarlab_robot/model.sdf
-- Installing: /home/cem/colcon_ws/src/mobile_manipulator_description/install/mobile_manipulator_description/share/mobile_manipulator_description/model/kabinet
-- Installing: /home/cem/colcon_ws/src/mobile_manipulator_description/install/mobile_manipulator_description/share/mobile_manipulator_description/model/kabinet/model.config
-- Installing: /home/cem/colcon_ws/src/mobile_manipulator_description/install/mobile_manipulator_description/share/mobile_manipulator_description/model/kabinet/model
-- Installing: /home/cem/colcon_ws/src/mobile_manipulator_description/install/mobile_manipulator_description/share/mobile_manipulator_description/model/kabinet/model/Kabinet.stl
-- Installing: /home/cem/colcon_ws/src/mobile_manipulator_description/install/mobile_manipulator_description/share/mobile_manipulator_description/model/kabinet/model.sdf
-- Installing: /home/cem/colcon_ws/src/mobile_manipulator_description/install/mobile_manipulator_description/share/mobile_manipulator_description/model/ifarlab_bus
-- Installing: /home/cem/colcon_ws/src/mobile_manipulator_description/install/mobile_manipulator_description/share/mobile_manipulator_description/model/ifarlab_bus/model.config
-- Installing: /home/cem/colcon_ws/src/mobile_manipulator_description/install/mobile_manipulator_description/share/mobile_manipulator_description/model/ifarlab_bus/model
-- Installing: /home/cem/colcon_ws/src/mobile_manipulator_description/install/mobile_manipulator_description/share/mobile_manipulator_description/model/ifarlab_bus/model/IFARLASASE.stl
-- Installing: /home/cem/colcon_ws/src/mobile_manipulator_description/install/mobile_manipulator_description/share/mobile_manipulator_description/model/ifarlab_bus/model/ifarlab_bus.stl
-- Installing: /home/cem/colcon_ws/src/mobile_manipulator_description/install/mobile_manipulator_description/share/mobile_manipulator_description/model/ifarlab_bus/model/ifarlab_bus1.stl
-- Installing: /home/cem/colcon_ws/src/mobile_manipulator_description/install/mobile_manipulator_description/share/mobile_manipulator_description/model/ifarlab_bus/model/ifarlab_bus_w_plexi_cylinder.stl
-- Installing: /home/cem/colcon_ws/src/mobile_manipulator_description/install/mobile_manipulator_description/share/mobile_manipulator_description/model/ifarlab_bus/model/ifarlab_bus_w_plexi.stl
-- Installing: /home/cem/colcon_ws/src/mobile_manipulator_description/install/mobile_manipulator_description/share/mobile_manipulator_description/model/ifarlab_bus/model.sdf
-- Installing: /home/cem/colcon_ws/src/mobile_manipulator_description/install/mobile_manipulator_description/share/mobile_manipulator_description/model/person_standing
-- Installing: /home/cem/colcon_ws/src/mobile_manipulator_description/install/mobile_manipulator_description/share/mobile_manipulator_description/model/person_standing/model.config
-- Installing: /home/cem/colcon_ws/src/mobile_manipulator_description/install/mobile_manipulator_description/share/mobile_manipulator_description/model/person_standing/model.sdf
-- Installing: /home/cem/colcon_ws/src/mobile_manipulator_description/install/mobile_manipulator_description/share/mobile_manipulator_description/model/person_standing/meshes
-- Installing: /home/cem/colcon_ws/src/mobile_manipulator_description/install/mobile_manipulator_description/share/mobile_manipulator_description/model/person_standing/meshes/standing.dae
-- Installing: /home/cem/colcon_ws/src/mobile_manipulator_description/install/mobile_manipulator_description/share/mobile_manipulator_description/model/person_standing/meshes/standing.stl
-- Installing: /home/cem/colcon_ws/src/mobile_manipulator_description/install/mobile_manipulator_description/share/mobile_manipulator_description/model/person_standing/materials
-- Installing: /home/cem/colcon_ws/src/mobile_manipulator_description/install/mobile_manipulator_description/share/mobile_manipulator_description/model/person_standing/materials/textures
-- Installing: /home/cem/colcon_ws/src/mobile_manipulator_description/install/mobile_manipulator_description/share/mobile_manipulator_description/model/person_standing/materials/textures/male02_diffuse_black-unmodified.png
-- Installing: /home/cem/colcon_ws/src/mobile_manipulator_description/install/mobile_manipulator_description/share/mobile_manipulator_description/model/person_standing/materials/textures/jeans_basic_diffuse.png
-- Installing: /home/cem/colcon_ws/src/mobile_manipulator_description/install/mobile_manipulator_description/share/mobile_manipulator_description/model/person_standing/materials/textures/eyebrow001.png
-- Installing: /home/cem/colcon_ws/src/mobile_manipulator_description/install/mobile_manipulator_description/share/mobile_manipulator_description/model/person_standing/materials/textures/young_lightskinned_male_diffuse.png
-- Installing: /home/cem/colcon_ws/src/mobile_manipulator_description/install/mobile_manipulator_description/share/mobile_manipulator_description/model/person_standing/materials/textures/eyebrow001-unmodified.png
-- Installing: /home/cem/colcon_ws/src/mobile_manipulator_description/install/mobile_manipulator_description/share/mobile_manipulator_description/model/person_standing/materials/textures/male02_diffuse_black.png
-- Installing: /home/cem/colcon_ws/src/mobile_manipulator_description/install/mobile_manipulator_description/share/mobile_manipulator_description/model/person_standing/materials/textures/teeth.png
-- Installing: /home/cem/colcon_ws/src/mobile_manipulator_description/install/mobile_manipulator_description/share/mobile_manipulator_description/model/person_standing/materials/textures/tshirt02_texture.png
-- Installing: /home/cem/colcon_ws/src/mobile_manipulator_description/install/mobile_manipulator_description/share/mobile_manipulator_description/model/person_standing/materials/textures/jeans01_normals.png
-- Installing: /home/cem/colcon_ws/src/mobile_manipulator_description/install/mobile_manipulator_description/share/mobile_manipulator_description/model/person_standing/materials/textures/tshirt02_normals.png
-- Installing: /home/cem/colcon_ws/src/mobile_manipulator_description/install/mobile_manipulator_description/share/mobile_manipulator_description/model/person_standing/materials/textures/green_eye.png
-- Installing: /home/cem/colcon_ws/src/mobile_manipulator_description/install/mobile_manipulator_description/share/mobile_manipulator_description/model/person_walking
-- Installing: /home/cem/colcon_ws/src/mobile_manipulator_description/install/mobile_manipulator_description/share/mobile_manipulator_description/model/person_walking/model.config
-- Installing: /home/cem/colcon_ws/src/mobile_manipulator_description/install/mobile_manipulator_description/share/mobile_manipulator_description/model/person_walking/model.sdf
-- Installing: /home/cem/colcon_ws/src/mobile_manipulator_description/install/mobile_manipulator_description/share/mobile_manipulator_description/model/person_walking/meshes
-- Installing: /home/cem/colcon_ws/src/mobile_manipulator_description/install/mobile_manipulator_description/share/mobile_manipulator_description/model/person_walking/meshes/walking.dae
-- Installing: /home/cem/colcon_ws/src/mobile_manipulator_description/install/mobile_manipulator_description/share/mobile_manipulator_description/model/person_walking/materials
-- Installing: /home/cem/colcon_ws/src/mobile_manipulator_description/install/mobile_manipulator_description/share/mobile_manipulator_description/model/person_walking/materials/textures
-- Installing: /home/cem/colcon_ws/src/mobile_manipulator_description/install/mobile_manipulator_description/share/mobile_manipulator_description/model/person_walking/materials/textures/male02_diffuse_black-unmodified.png
-- Installing: /home/cem/colcon_ws/src/mobile_manipulator_description/install/mobile_manipulator_description/share/mobile_manipulator_description/model/person_walking/materials/textures/jeans_basic_diffuse.png
-- Installing: /home/cem/colcon_ws/src/mobile_manipulator_description/install/mobile_manipulator_description/share/mobile_manipulator_description/model/person_walking/materials/textures/eyebrow001.png
-- Installing: /home/cem/colcon_ws/src/mobile_manipulator_description/install/mobile_manipulator_description/share/mobile_manipulator_description/model/person_walking/materials/textures/young_lightskinned_male_diffuse.png
-- Installing: /home/cem/colcon_ws/src/mobile_manipulator_description/install/mobile_manipulator_description/share/mobile_manipulator_description/model/person_walking/materials/textures/eyebrow001-unmodified.png
-- Installing: /home/cem/colcon_ws/src/mobile_manipulator_description/install/mobile_manipulator_description/share/mobile_manipulator_description/model/person_walking/materials/textures/male02_diffuse_black.png
-- Installing: /home/cem/colcon_ws/src/mobile_manipulator_description/install/mobile_manipulator_description/share/mobile_manipulator_description/model/person_walking/materials/textures/teeth.png
-- Installing: /home/cem/colcon_ws/src/mobile_manipulator_description/install/mobile_manipulator_description/share/mobile_manipulator_description/model/person_walking/materials/textures/tshirt02_texture.png
-- Installing: /home/cem/colcon_ws/src/mobile_manipulator_description/install/mobile_manipulator_description/share/mobile_manipulator_description/model/person_walking/materials/textures/jeans01_normals.png
-- Installing: /home/cem/colcon_ws/src/mobile_manipulator_description/install/mobile_manipulator_description/share/mobile_manipulator_description/model/person_walking/materials/textures/tshirt02_normals.png
-- Installing: /home/cem/colcon_ws/src/mobile_manipulator_description/install/mobile_manipulator_description/share/mobile_manipulator_description/model/person_walking/materials/textures/green_eye.png
-- Installing: /home/cem/colcon_ws/src/mobile_manipulator_description/install/mobile_manipulator_description/share/mobile_manipulator_description/model/barrier
-- Installing: /home/cem/colcon_ws/src/mobile_manipulator_description/install/mobile_manipulator_description/share/mobile_manipulator_description/model/barrier/model.config
-- Installing: /home/cem/colcon_ws/src/mobile_manipulator_description/install/mobile_manipulator_description/share/mobile_manipulator_description/model/barrier/model
-- Installing: /home/cem/colcon_ws/src/mobile_manipulator_description/install/mobile_manipulator_description/share/mobile_manipulator_description/model/barrier/model/barrier.stl
-- Installing: /home/cem/colcon_ws/src/mobile_manipulator_description/install/mobile_manipulator_description/share/mobile_manipulator_description/model/barrier/model/standing.dae
-- Installing: /home/cem/colcon_ws/src/mobile_manipulator_description/install/mobile_manipulator_description/share/mobile_manipulator_description/model/barrier/model/standing.stl
-- Installing: /home/cem/colcon_ws/src/mobile_manipulator_description/install/mobile_manipulator_description/share/mobile_manipulator_description/model/barrier/model.sdf
-- Installing: /home/cem/colcon_ws/src/mobile_manipulator_description/install/mobile_manipulator_description/share/mobile_manipulator_description/worlds
-- Installing: /home/cem/colcon_ws/src/mobile_manipulator_description/install/mobile_manipulator_description/share/mobile_manipulator_description/worlds/ifarlab.world
-- Installing: /home/cem/colcon_ws/src/mobile_manipulator_description/install/mobile_manipulator_description/share/ament_index/resource_index/package_run_dependencies/mobile_manipulator_description
-- Installing: /home/cem/colcon_ws/src/mobile_manipulator_description/install/mobile_manipulator_description/share/ament_index/resource_index/parent_prefix_path/mobile_manipulator_description
-- Installing: /home/cem/colcon_ws/src/mobile_manipulator_description/install/mobile_manipulator_description/share/mobile_manipulator_description/environment/ament_prefix_path.sh
-- Installing: /home/cem/colcon_ws/src/mobile_manipulator_description/install/mobile_manipulator_description/share/mobile_manipulator_description/environment/ament_prefix_path.dsv
-- Installing: /home/cem/colcon_ws/src/mobile_manipulator_description/install/mobile_manipulator_description/share/mobile_manipulator_description/environment/path.sh
-- Installing: /home/cem/colcon_ws/src/mobile_manipulator_description/install/mobile_manipulator_description/share/mobile_manipulator_description/environment/path.dsv
-- Installing: /home/cem/colcon_ws/src/mobile_manipulator_description/install/mobile_manipulator_description/share/mobile_manipulator_description/local_setup.bash
-- Installing: /home/cem/colcon_ws/src/mobile_manipulator_description/install/mobile_manipulator_description/share/mobile_manipulator_description/local_setup.sh
-- Installing: /home/cem/colcon_ws/src/mobile_manipulator_description/install/mobile_manipulator_description/share/mobile_manipulator_description/local_setup.zsh
-- Installing: /home/cem/colcon_ws/src/mobile_manipulator_description/install/mobile_manipulator_description/share/mobile_manipulator_description/local_setup.dsv
-- Installing: /home/cem/colcon_ws/src/mobile_manipulator_description/install/mobile_manipulator_description/share/mobile_manipulator_description/package.dsv
-- Installing: /home/cem/colcon_ws/src/mobile_manipulator_description/install/mobile_manipulator_description/share/ament_index/resource_index/packages/mobile_manipulator_description
-- Installing: /home/cem/colcon_ws/src/mobile_manipulator_description/install/mobile_manipulator_description/share/mobile_manipulator_description/cmake/mobile_manipulator_descriptionConfig.cmake
-- Installing: /home/cem/colcon_ws/src/mobile_manipulator_description/install/mobile_manipulator_description/share/mobile_manipulator_description/cmake/mobile_manipulator_descriptionConfig-version.cmake
-- Installing: /home/cem/colcon_ws/src/mobile_manipulator_description/install/mobile_manipulator_description/share/mobile_manipulator_description/package.xml
